{"total": {"lines":{"total":87,"covered":56,"skipped":0,"pct":64.36},"statements":{"total":87,"covered":56,"skipped":0,"pct":64.36},"functions":{"total":5,"covered":1,"skipped":0,"pct":20},"branches":{"total":5,"covered":5,"skipped":0,"pct":100},"branchesTrue":{"total":0,"covered":0,"skipped":0,"pct":"Unknown"}}
,"C:\\Diawara\\tp_test_unitaire\\index.js": {"lines":{"total":27,"covered":27,"skipped":0,"pct":100},"functions":{"total":1,"covered":1,"skipped":0,"pct":100},"statements":{"total":27,"covered":27,"skipped":0,"pct":100},"branches":{"total":5,"covered":5,"skipped":0,"pct":100}}
,"C:\\Diawara\\tp_test_unitaire\\saver.js": {"lines":{"total":60,"covered":29,"skipped":0,"pct":48.33},"functions":{"total":4,"covered":0,"skipped":0,"pct":0},"statements":{"total":60,"covered":29,"skipped":0,"pct":48.33},"branches":{"total":0,"covered":0,"skipped":0,"pct":100}}
}
